<?xml version="1.0" encoding="UTF-8"?>
<!-- Generated by org.testng.reporters.JUnitXMLReporter -->
<testsuite ignored="0" hostname="Reinharts-MacBook-Pro.local" failures="0" tests="7" name="TestNG Intentoins Test" time="160.035" errors="0" timestamp="2023-10-24T01:12:37 WIB">
  <testcase classname="mst.qa.test.AndroidTest" name="LoginLogout" time="6.171"/>
  <testcase classname="mst.qa.test.AndroidTest" name="AddToDo" time="15.073"/>
  <testcase classname="mst.qa.test.AndroidTest" name="AddToDoSecondary" time="17.204"/>
  <testcase classname="mst.qa.test.AndroidTest" name="AddToDoOther" time="22.967"/>
  <testcase classname="mst.qa.test.AndroidTest" name="AddToDoOtherDiffUpload" time="20.064"/>
  <testcase classname="mst.qa.test.AndroidTest" name="AddToDoOtherTapDetailBefore" time="33.412"/>
  <testcase classname="mst.qa.test.AndroidTest" name="ValidateAddToDoOtherTapDetailBefore" time="37.134"/>
</testsuite> <!-- TestNG Intentoins Test -->
