<?xml version="1.0" encoding="UTF-8"?>
<testsuite xmlns:xsi="http://www.w3.org/2001/XMLSchema-instance" xsi:noNamespaceSchemaLocation="https://maven.apache.org/surefire/maven-surefire-plugin/xsd/surefire-test-report-3.0.xsd" version="3.0" name="TestSuite" time="165.25" tests="7" errors="0" skipped="0" failures="0">
  <properties>
[...]
</properties>
  <testcase name="LoginLogout" classname="mst.qa.test.AndroidTest" time="6.172">
    <system-err><![CDATA[SLF4J: Failed to load class "org.slf4j.impl.StaticLoggerBinder".
SLF4J: Defaulting to no-operation (NOP) logger implementation
SLF4J: See http://www.slf4j.org/codes.html#StaticLoggerBinder for further details.
Oct 24, 2023 1:09:59 AM io.appium.java_client.remote.AppiumCommandExecutor$1 lambda$0
INFO: Detected dialect: W3C
]]></system-err>
  </testcase>
  <testcase name="AddToDo" classname="mst.qa.test.AndroidTest" time="15.074"/>
  <testcase name="AddToDoSecondary" classname="mst.qa.test.AndroidTest" time="17.205"/>
  <testcase name="AddToDoOther" classname="mst.qa.test.AndroidTest" time="22.967"/>
  <testcase name="AddToDoOtherDiffUpload" classname="mst.qa.test.AndroidTest" time="20.066"/>
  <testcase name="AddToDoOtherTapDetailBefore" classname="mst.qa.test.AndroidTest" time="33.415"/>
  <testcase name="ValidateAddToDoOtherTapDetailBefore" classname="mst.qa.test.AndroidTest" time="37.135"/>
</testsuite>